<?xml version="1.0" encoding="UTF-8"?>
<!-- Generated by org.testng.reporters.JUnitReportReporter -->
<testsuite skipped="0" hostname="BLR1-LHP-N08700" name="TestCases.VerifyTitleDescription" tests="1" failures="0" timestamp="02 Sep 2019 04:45:59 GMT" time="7.017" errors="0">
  <testcase name="verifyRecommended" time="7.017" classname="TestCases.VerifyTitleDescription"/>
</testsuite> <!-- TestCases.VerifyTitleDescription -->
