<?xml version="1.0" encoding="UTF-8"?>
<!-- Generated by org.testng.reporters.JUnitReportReporter -->
<testsuite skipped="0" hostname="BLR1-LHP-N08700" name="TestCases.VerifyTitleDescription" tests="1" failures="0" timestamp="03 Sep 2019 06:46:54 GMT" time="4.862" errors="0">
  <testcase name="verifyRecommended" time="4.862" classname="TestCases.VerifyTitleDescription"/>
</testsuite> <!-- TestCases.VerifyTitleDescription -->
