<?xml version="1.0" encoding="UTF-8"?>
<!-- Generated by org.testng.reporters.JUnitReportReporter -->
<testsuite skipped="0" hostname="BLR1-LHP-N08700" name="Discovery.GoDiscovery.AppTest" tests="1" failures="0" timestamp="29 Aug 2019 17:43:45 GMT" time="0.016" errors="0">
  <testcase name="testApp" time="0.016" classname="Discovery.GoDiscovery.AppTest"/>
</testsuite> <!-- Discovery.GoDiscovery.AppTest -->
